0 info it worked if it ends with ok
1 verbose cli [ 'node', '/usr/local/bin/npm', 'install' ]
2 info using npm@1.4.28
3 info using node@v0.10.33
4 warn package.json node-ejs@ No description
5 warn package.json node-ejs@ No repository field.
6 warn package.json node-ejs@ No README data
7 verbose readDependencies using package.json deps
8 verbose install where, deps [ '/Users/Michelle/Documents/scotch.io/Templating-Node.js-with-EJS',
8 verbose install   [ 'ejs', 'express' ] ]
9 info preinstall node-ejs@
10 verbose readDependencies using package.json deps
11 verbose cache add [ 'ejs@^1.0.0', null ]
12 verbose cache add name=undefined spec="ejs@^1.0.0" args=["ejs@^1.0.0",null]
13 verbose parsed url { protocol: null,
13 verbose parsed url   slashes: null,
13 verbose parsed url   auth: null,
13 verbose parsed url   host: null,
13 verbose parsed url   port: null,
13 verbose parsed url   hostname: null,
13 verbose parsed url   hash: null,
13 verbose parsed url   search: null,
13 verbose parsed url   query: null,
13 verbose parsed url   pathname: 'ejs@^1.0.0',
13 verbose parsed url   path: 'ejs@^1.0.0',
13 verbose parsed url   href: 'ejs@^1.0.0' }
14 verbose cache add [ 'express@^4.6.1', null ]
15 verbose cache add name=undefined spec="express@^4.6.1" args=["express@^4.6.1",null]
16 verbose parsed url { protocol: null,
16 verbose parsed url   slashes: null,
16 verbose parsed url   auth: null,
16 verbose parsed url   host: null,
16 verbose parsed url   port: null,
16 verbose parsed url   hostname: null,
16 verbose parsed url   hash: null,
16 verbose parsed url   search: null,
16 verbose parsed url   query: null,
16 verbose parsed url   pathname: 'express@^4.6.1',
16 verbose parsed url   path: 'express@^4.6.1',
16 verbose parsed url   href: 'express@^4.6.1' }
17 verbose cache add name="ejs" spec="^1.0.0" args=["ejs","^1.0.0"]
18 verbose parsed url { protocol: null,
18 verbose parsed url   slashes: null,
18 verbose parsed url   auth: null,
18 verbose parsed url   host: null,
18 verbose parsed url   port: null,
18 verbose parsed url   hostname: null,
18 verbose parsed url   hash: null,
18 verbose parsed url   search: null,
18 verbose parsed url   query: null,
18 verbose parsed url   pathname: '^1.0.0',
18 verbose parsed url   path: '^1.0.0',
18 verbose parsed url   href: '^1.0.0' }
19 verbose addNamed [ 'ejs', '^1.0.0' ]
20 verbose addNamed [ null, '>=1.0.0-0 <2.0.0-0' ]
21 verbose cache add name="express" spec="^4.6.1" args=["express","^4.6.1"]
22 verbose parsed url { protocol: null,
22 verbose parsed url   slashes: null,
22 verbose parsed url   auth: null,
22 verbose parsed url   host: null,
22 verbose parsed url   port: null,
22 verbose parsed url   hostname: null,
22 verbose parsed url   hash: null,
22 verbose parsed url   search: null,
22 verbose parsed url   query: null,
22 verbose parsed url   pathname: '^4.6.1',
22 verbose parsed url   path: '^4.6.1',
22 verbose parsed url   href: '^4.6.1' }
23 verbose addNamed [ 'express', '^4.6.1' ]
24 verbose addNamed [ null, '>=4.6.1-0 <5.0.0-0' ]
25 silly lockFile b798bccb-ejs-1-0-0 ejs@^1.0.0
26 verbose lock ejs@^1.0.0 /Users/Michelle/.npm/b798bccb-ejs-1-0-0.lock
27 silly lockFile 86278ccf-express-4-6-1 express@^4.6.1
28 verbose lock express@^4.6.1 /Users/Michelle/.npm/86278ccf-express-4-6-1.lock
29 silly addNameRange { name: 'express', range: '>=4.6.1-0 <5.0.0-0', hasData: false }
30 silly addNameRange { name: 'ejs', range: '>=1.0.0-0 <2.0.0-0', hasData: false }
31 verbose request where is /ejs
32 verbose request registry https://registry.npmjs.org/
33 verbose request id e6c8056a87f97ade
34 verbose url raw /ejs
35 verbose url resolving [ 'https://registry.npmjs.org/', './ejs' ]
36 verbose url resolved https://registry.npmjs.org/ejs
37 verbose request where is https://registry.npmjs.org/ejs
38 info trying registry request attempt 1 at 14:33:28
39 verbose etag "DFS9PA0D97GJNWG4SMGBGXXH0"
40 http GET https://registry.npmjs.org/ejs
41 http 304 https://registry.npmjs.org/ejs
42 silly registry.get cb [ 304,
42 silly registry.get   { date: 'Mon, 15 Dec 2014 22:33:28 GMT',
42 silly registry.get     server: 'Apache',
42 silly registry.get     via: '1.1 varnish',
42 silly registry.get     'last-modified': 'Mon, 15 Dec 2014 22:33:28 GMT',
42 silly registry.get     'cache-control': 'max-age=60',
42 silly registry.get     etag: '"DFS9PA0D97GJNWG4SMGBGXXH0"',
42 silly registry.get     age: '33',
42 silly registry.get     'x-served-by': 'cache-sjc3131-SJC',
42 silly registry.get     'x-cache': 'HIT',
42 silly registry.get     'x-cache-hits': '1',
42 silly registry.get     'x-timer': 'S1418682808.372959,VS0,VE0',
42 silly registry.get     vary: 'Accept',
42 silly registry.get     'content-length': '0',
42 silly registry.get     'keep-alive': 'timeout=10, max=50',
42 silly registry.get     connection: 'Keep-Alive' } ]
43 verbose etag https://registry.npmjs.org/ejs from cache
44 silly addNameRange number 2 { name: 'ejs', range: '>=1.0.0-0 <2.0.0-0', hasData: true }
45 silly addNameRange versions [ 'ejs',
45 silly addNameRange   [ '0.0.1',
45 silly addNameRange     '0.0.2',
45 silly addNameRange     '0.0.3',
45 silly addNameRange     '0.0.4',
45 silly addNameRange     '0.1.0',
45 silly addNameRange     '0.2.0',
45 silly addNameRange     '0.2.1',
45 silly addNameRange     '0.3.0',
45 silly addNameRange     '0.3.1',
45 silly addNameRange     '0.4.0',
45 silly addNameRange     '0.4.1',
45 silly addNameRange     '0.4.2',
45 silly addNameRange     '0.4.3',
45 silly addNameRange     '0.5.0',
45 silly addNameRange     '0.6.0',
45 silly addNameRange     '0.6.1',
45 silly addNameRange     '0.7.0',
45 silly addNameRange     '0.7.1',
45 silly addNameRange     '0.7.2',
45 silly addNameRange     '0.8.0',
45 silly addNameRange     '0.8.1',
45 silly addNameRange     '0.8.2',
45 silly addNameRange     '0.8.3',
45 silly addNameRange     '0.8.4',
45 silly addNameRange     '0.8.5',
45 silly addNameRange     '0.8.6',
45 silly addNameRange     '0.8.8',
45 silly addNameRange     '1.0.0' ] ]
46 verbose addNamed [ 'ejs', '1.0.0' ]
47 verbose addNamed [ '1.0.0', '1.0.0' ]
48 silly lockFile 3b9d58f7-ejs-1-0-0 ejs@1.0.0
49 verbose lock ejs@1.0.0 /Users/Michelle/.npm/3b9d58f7-ejs-1-0-0.lock
50 silly lockFile 2583a321-stry-npmjs-org-ejs-ejs-1-0-0-tgz https://registry.npmjs.org/ejs/-/ejs-1.0.0.tgz
51 verbose lock https://registry.npmjs.org/ejs/-/ejs-1.0.0.tgz /Users/Michelle/.npm/2583a321-stry-npmjs-org-ejs-ejs-1-0-0-tgz.lock
52 verbose addRemoteTarball [ 'https://registry.npmjs.org/ejs/-/ejs-1.0.0.tgz',
52 verbose addRemoteTarball   'c9c60a48a46ee452fb32a71c317b95e5aa1fcb3d' ]
53 info retry fetch attempt 1 at 14:33:28
54 verbose fetch to= /var/folders/z0/957dmz8j5g5bt78qgd9ln0940000gn/T/npm-57686-eDP9UDQ8/registry.npmjs.org/ejs/-/ejs-1.0.0.tgz
55 http GET https://registry.npmjs.org/ejs/-/ejs-1.0.0.tgz
56 verbose request where is /express
57 verbose request registry https://registry.npmjs.org/
58 verbose url raw /express
59 verbose url resolving [ 'https://registry.npmjs.org/', './express' ]
60 verbose url resolved https://registry.npmjs.org/express
61 verbose request where is https://registry.npmjs.org/express
62 info trying registry request attempt 1 at 14:33:28
63 verbose etag "ANRW6H3N2X8N53G0V20AJPOIF"
64 http GET https://registry.npmjs.org/express
65 http 200 https://registry.npmjs.org/ejs/-/ejs-1.0.0.tgz
66 silly lockFile 2583a321-stry-npmjs-org-ejs-ejs-1-0-0-tgz https://registry.npmjs.org/ejs/-/ejs-1.0.0.tgz
67 silly lockFile 2583a321-stry-npmjs-org-ejs-ejs-1-0-0-tgz https://registry.npmjs.org/ejs/-/ejs-1.0.0.tgz
68 silly lockFile 3b9d58f7-ejs-1-0-0 ejs@1.0.0
69 silly lockFile 3b9d58f7-ejs-1-0-0 ejs@1.0.0
70 silly lockFile b798bccb-ejs-1-0-0 ejs@^1.0.0
71 silly lockFile b798bccb-ejs-1-0-0 ejs@^1.0.0
72 http 200 https://registry.npmjs.org/express
73 silly registry.get cb [ 200,
73 silly registry.get   { date: 'Mon, 15 Dec 2014 22:33:28 GMT',
73 silly registry.get     server: 'CouchDB/1.5.0 (Erlang OTP/R14B04)',
73 silly registry.get     etag: '"CJTV2H86GV34FGPRGYN14DI0U"',
73 silly registry.get     'content-type': 'application/json',
73 silly registry.get     'cache-control': 'max-age=60',
73 silly registry.get     'content-length': '444403',
73 silly registry.get     'accept-ranges': 'bytes',
73 silly registry.get     via: '1.1 varnish',
73 silly registry.get     age: '9',
73 silly registry.get     'x-served-by': 'cache-sjc3122-SJC',
73 silly registry.get     'x-cache': 'HIT',
73 silly registry.get     'x-cache-hits': '6',
73 silly registry.get     'x-timer': 'S1418682808.505067,VS0,VE0',
73 silly registry.get     vary: 'Accept',
73 silly registry.get     'keep-alive': 'timeout=10, max=50',
73 silly registry.get     connection: 'Keep-Alive' } ]
74 silly addNameRange number 2 { name: 'express', range: '>=4.6.1-0 <5.0.0-0', hasData: true }
75 silly addNameRange versions [ 'express',
75 silly addNameRange   [ '0.14.0',
75 silly addNameRange     '0.14.1',
75 silly addNameRange     '1.0.0',
75 silly addNameRange     '1.0.1',
75 silly addNameRange     '1.0.2',
75 silly addNameRange     '1.0.3',
75 silly addNameRange     '1.0.4',
75 silly addNameRange     '1.0.5',
75 silly addNameRange     '1.0.6',
75 silly addNameRange     '1.0.7',
75 silly addNameRange     '1.0.8',
75 silly addNameRange     '2.0.0',
75 silly addNameRange     '2.1.0',
75 silly addNameRange     '2.1.1',
75 silly addNameRange     '2.2.0',
75 silly addNameRange     '2.2.1',
75 silly addNameRange     '2.2.2',
75 silly addNameRange     '2.3.0',
75 silly addNameRange     '2.3.1',
75 silly addNameRange     '2.3.2',
75 silly addNameRange     '2.3.3',
75 silly addNameRange     '2.3.4',
75 silly addNameRange     '2.3.5',
75 silly addNameRange     '2.3.6',
75 silly addNameRange     '2.3.7',
75 silly addNameRange     '2.3.8',
75 silly addNameRange     '2.3.9',
75 silly addNameRange     '2.3.10',
75 silly addNameRange     '2.3.11',
75 silly addNameRange     '2.3.12',
75 silly addNameRange     '2.4.0',
75 silly addNameRange     '2.4.1',
75 silly addNameRange     '2.4.2',
75 silly addNameRange     '2.4.3',
75 silly addNameRange     '2.4.4',
75 silly addNameRange     '2.4.5',
75 silly addNameRange     '2.4.6',
75 silly addNameRange     '2.4.7',
75 silly addNameRange     '2.5.0',
75 silly addNameRange     '2.5.1',
75 silly addNameRange     '2.5.2',
75 silly addNameRange     '2.5.3',
75 silly addNameRange     '2.5.4',
75 silly addNameRange     '2.5.5',
75 silly addNameRange     '2.5.6',
75 silly addNameRange     '2.5.7',
75 silly addNameRange     '2.5.8',
75 silly addNameRange     '2.5.9',
75 silly addNameRange     '2.5.10',
75 silly addNameRange     '2.5.11',
75 silly addNameRange     '3.0.0',
75 silly addNameRange     '3.0.1',
75 silly addNameRange     '3.0.2',
75 silly addNameRange     '3.0.3',
75 silly addNameRange     '3.0.4',
75 silly addNameRange     '3.0.5',
75 silly addNameRange     '3.0.6',
75 silly addNameRange     '3.1.0',
75 silly addNameRange     '3.1.1',
75 silly addNameRange     '3.1.2',
75 silly addNameRange     '3.2.0',
75 silly addNameRange     '3.2.1',
75 silly addNameRange     '3.2.2',
75 silly addNameRange     '3.2.3',
75 silly addNameRange     '3.2.4',
75 silly addNameRange     '3.2.5',
75 silly addNameRange     '3.2.6',
75 silly addNameRange     '3.3.0',
75 silly addNameRange     '3.3.1',
75 silly addNameRange     '3.3.2',
75 silly addNameRange     '3.3.3',
75 silly addNameRange     '3.3.4',
75 silly addNameRange     '3.3.5',
75 silly addNameRange     '3.3.6',
75 silly addNameRange     '1.0.0-beta',
75 silly addNameRange     '1.0.0-beta2',
75 silly addNameRange     '1.0.0-rc',
75 silly addNameRange     '1.0.0-rc2',
75 silly addNameRange     '1.0.0-rc3',
75 silly addNameRange     '1.0.0-rc4',
75 silly addNameRange     '2.0.0-beta',
75 silly addNameRange     '2.0.0-beta2',
75 silly addNameRange     '2.0.0-beta3',
75 silly addNameRange     '2.0.0-rc',
75 silly addNameRange     '2.0.0-rc2',
75 silly addNameRange     '2.0.0-rc3',
75 silly addNameRange     '3.0.0-alpha1',
75 silly addNameRange     '3.0.0-alpha2',
75 silly addNameRange     '3.0.0-alpha3',
75 silly addNameRange     '3.0.0-alpha4',
75 silly addNameRange     '3.0.0-alpha5',
75 silly addNameRange     '3.0.0-beta1',
75 silly addNameRange     '3.0.0-beta2',
75 silly addNameRange     '3.0.0-beta3',
75 silly addNameRange     '3.0.0-beta4',
75 silly addNameRange     '3.0.0-beta6',
75 silly addNameRange     '3.0.0-beta7',
75 silly addNameRange     '3.0.0-rc1',
75 silly addNameRange     '3.0.0-rc2',
75 silly addNameRange     '3.0.0-rc3',
75 silly addNameRange     '3.0.0-rc4',
75 silly addNameRange     '3.0.0-rc5',
75 silly addNameRange     '3.3.7',
75 silly addNameRange     '3.3.8',
75 silly addNameRange     '3.4.0',
75 silly addNameRange     '3.4.1',
75 silly addNameRange     '3.4.2',
75 silly addNameRange     '3.4.3',
75 silly addNameRange     '3.4.4',
75 silly addNameRange     '3.4.5',
75 silly addNameRange     '3.4.6',
75 silly addNameRange     '3.4.7',
75 silly addNameRange     '3.4.8',
75 silly addNameRange     '4.0.0-rc1',
75 silly addNameRange     '4.0.0-rc2',
75 silly addNameRange     '3.5.0',
75 silly addNameRange     '4.0.0-rc3',
75 silly addNameRange     '4.0.0-rc4',
75 silly addNameRange     '3.5.1',
75 silly addNameRange     '4.0.0',
75 silly addNameRange     '3.5.2',
75 silly addNameRange     '4.1.0',
75 silly addNameRange     '4.1.1',
75 silly addNameRange     '3.5.3',
75 silly addNameRange     '4.1.2',
75 silly addNameRange     '3.6.0',
75 silly addNameRange     '4.2.0',
75 silly addNameRange     '3.7.0',
75 silly addNameRange     '3.8.0',
75 silly addNameRange     '4.3.0',
75 silly addNameRange     '4.3.1',
75 silly addNameRange     '3.8.1',
75 silly addNameRange     '4.3.2',
75 silly addNameRange     '3.9.0',
75 silly addNameRange     '4.4.0',
75 silly addNameRange     '4.4.1',
75 silly addNameRange     '3.10.0',
75 silly addNameRange     '3.10.1',
75 silly addNameRange     '3.10.2',
75 silly addNameRange     '3.10.3',
75 silly addNameRange     '3.10.4',
75 silly addNameRange     '4.4.2',
75 silly addNameRange     '3.10.5',
75 silly addNameRange     '4.4.3',
75 silly addNameRange     '3.11.0',
75 silly addNameRange     '4.4.4',
75 silly addNameRange     '3.12.0',
75 silly addNameRange     '3.12.1',
75 silly addNameRange     '4.4.5',
75 silly addNameRange     '3.13.0',
75 silly addNameRange     '4.5.0',
75 silly addNameRange     '4.5.1',
75 silly addNameRange     '3.14.0',
75 silly addNameRange     '4.6.0',
75 silly addNameRange     '4.6.1',
75 silly addNameRange     '3.15.0',
75 silly addNameRange     '4.7.0',
75 silly addNameRange     '3.15.1',
75 silly addNameRange     '4.7.1',
75 silly addNameRange     '3.15.2',
75 silly addNameRange     '4.7.2',
75 silly addNameRange     '4.7.3',
75 silly addNameRange     '3.15.3',
75 silly addNameRange     '4.7.4',
75 silly addNameRange     '3.16.0',
75 silly addNameRange     '4.8.0',
75 silly addNameRange     '3.16.1',
75 silly addNameRange     '4.8.1',
75 silly addNameRange     '3.16.2',
75 silly addNameRange     '4.8.2',
75 silly addNameRange     '3.16.3',
75 silly addNameRange     '3.16.4',
75 silly addNameRange     '4.8.3',
75 silly addNameRange     '3.16.5',
75 silly addNameRange     '3.16.6',
75 silly addNameRange     '4.8.4',
75 silly addNameRange     '3.16.7',
75 silly addNameRange     '4.8.5',
75 silly addNameRange     '3.16.8',
75 silly addNameRange     '4.8.6',
75 silly addNameRange     '3.16.9',
75 silly addNameRange     '4.8.7',
75 silly addNameRange     '3.16.10',
75 silly addNameRange     '4.8.8',
75 silly addNameRange     '3.17.0',
75 silly addNameRange     '3.17.1',
75 silly addNameRange     '4.9.0',
75 silly addNameRange     '3.17.2',
75 silly addNameRange     '4.9.1',
75 silly addNameRange     '4.9.2',
75 silly addNameRange     '3.17.3',
75 silly addNameRange     '4.9.3',
75 silly addNameRange     '3.17.4',
75 silly addNameRange     '4.9.4',
75 silly addNameRange     '3.17.5',
75 silly addNameRange     '4.9.5',
75 silly addNameRange     '3.17.6',
75 silly addNameRange     '3.17.7',
75 silly addNameRange     '4.9.6',
75 silly addNameRange     '4.9.7',
75 silly addNameRange     '3.17.8',
75 silly addNameRange     '4.9.8',
75 silly addNameRange     '3.18.0',
75 silly addNameRange     '3.18.1',
75 silly addNameRange     '4.10.0',
75 silly addNameRange     '3.18.2',
75 silly addNameRange     '4.10.1',
75 silly addNameRange     '5.0.0-alpha.1',
75 silly addNameRange     '3.18.3',
75 silly addNameRange     '4.10.2',
75 silly addNameRange     '3.18.4',
75 silly addNameRange     '4.10.3',
75 silly addNameRange     '4.10.4',
75 silly addNameRange     '4.10.5',
75 silly addNameRange     '3.18.5',
75 silly addNameRange     '3.18.6',
75 silly addNameRange     '4.10.6' ] ]
76 verbose addNamed [ 'express', '4.10.6' ]
77 verbose addNamed [ '4.10.6', '4.10.6' ]
78 silly lockFile e8f8e85c-express-4-10-6 express@4.10.6
79 verbose lock express@4.10.6 /Users/Michelle/.npm/e8f8e85c-express-4-10-6.lock
80 silly lockFile 51a1356c-s-org-express-express-4-10-6-tgz https://registry.npmjs.org/express/-/express-4.10.6.tgz
81 verbose lock https://registry.npmjs.org/express/-/express-4.10.6.tgz /Users/Michelle/.npm/51a1356c-s-org-express-express-4-10-6-tgz.lock
82 verbose addRemoteTarball [ 'https://registry.npmjs.org/express/-/express-4.10.6.tgz',
82 verbose addRemoteTarball   'a9015979ccf38b11a39c0f726dcf6c4b85a4e758' ]
83 info retry fetch attempt 1 at 14:33:28
84 verbose fetch to= /var/folders/z0/957dmz8j5g5bt78qgd9ln0940000gn/T/npm-57686-eDP9UDQ8/registry.npmjs.org/express/-/express-4.10.6.tgz
85 http GET https://registry.npmjs.org/express/-/express-4.10.6.tgz
86 http 200 https://registry.npmjs.org/express/-/express-4.10.6.tgz
87 silly lockFile 51a1356c-s-org-express-express-4-10-6-tgz https://registry.npmjs.org/express/-/express-4.10.6.tgz
88 silly lockFile 51a1356c-s-org-express-express-4-10-6-tgz https://registry.npmjs.org/express/-/express-4.10.6.tgz
89 silly lockFile e8f8e85c-express-4-10-6 express@4.10.6
90 silly lockFile e8f8e85c-express-4-10-6 express@4.10.6
91 silly lockFile 86278ccf-express-4-6-1 express@^4.6.1
92 silly lockFile 86278ccf-express-4-6-1 express@^4.6.1
93 error Error: EACCES, mkdir '/Users/Michelle/.npm/ejs/1.0.0'
93 error  { [Error: EACCES, mkdir '/Users/Michelle/.npm/ejs/1.0.0']
93 error   errno: 3,
93 error   code: 'EACCES',
93 error   path: '/Users/Michelle/.npm/ejs/1.0.0',
93 error   parent: 'node-ejs' }
94 error Please try running this command again as root/Administrator.
95 error System Darwin 14.0.0
96 error command "node" "/usr/local/bin/npm" "install"
97 error cwd /Users/Michelle/Documents/scotch.io/Templating-Node.js-with-EJS
98 error node -v v0.10.33
99 error npm -v 1.4.28
100 error path /Users/Michelle/.npm/ejs/1.0.0
101 error code EACCES
102 error errno 3
103 error stack Error: EACCES, mkdir '/Users/Michelle/.npm/ejs/1.0.0'
104 verbose exit [ 3, true ]
